{"name": "test_google", "status": "failed", "statusDetails": {"message": "selene.core.exceptions.TimeoutException: Message: \n\nTimed out after 4s, while waiting for:\nbrowser.element(('name', 'qq')).has exact text  and has attribute 'value' with value ''\n\nReason: NoSuchElementException: Message: no such element: Unable to locate element: {\"method\":\"css selector\",\"selector\":\"[name=\"qq\"]\"}\n  (Session info: chrome=102.0.5005.115)\nStacktrace:\nBacktrace:\n\tOrdinal0 [0x00B0D953+2414931]\n\tOrdinal0 [0x00A9F5E1+1963489]\n\tOrdinal0 [0x0098C6B8+837304]\n\tOrdinal0 [0x009B9500+1021184]\n\tOrdinal0 [0x009B979B+1021851]\n\tOrdinal0 [0x009E6502+1205506]\n\tOrdinal0 [0x009D44E4+1131748]\n\tOrdinal0 [0x009E4812+1198098]\n\tOrdinal0 [0x009D42B6+1131190]\n\tOrdinal0 [0x009AE860+976992]\n\tOrdinal0 [0x009AF756+980822]\n\tGetHandleVerifier [0x00D7CC62+2510274]\n\tGetHandleVerifier [0x00D6F760+2455744]\n\tGetHandleVerifier [0x00B9EABA+551962]\n\tGetHandleVerifier [0x00B9D916+547446]\n\tOrdinal0 [0x00AA5F3B+1990459]\n\tOrdinal0 [0x00AAA898+2009240]\n\tOrdinal0 [0x00AAA985+2009477]\n\tOrdinal0 [0x00AB3AD1+2046673]\n\tBaseThreadInitThunk [0x750FFA29+25]\n\tRtlGetAppContainerNamedObjectPath [0x76FC7A9E+286]\n\tRtlGetAppContainerNamedObjectPath [0x76FC7A6E+238]\n\nScreenshot: file://C:\\Users\\evgenynalivayko\\.selene\\screenshots\\1655805695423\\1655805695424.png\nPageSource: file://C:\\Users\\evgenynalivayko\\.selene\\screenshots\\1655805695423\\1655805695424.html", "trace": "self = <selene.core.wait.Wait object at 0x00000291312F4D30>, fn = <selene.core.condition.Condition object at 0x0000029130EEBE50>\n\n    def for_(self, fn: Callable[[E], R]) -> R:\n        finish_time = time.time() + self._timeout\n    \n        while True:\n            try:\n>               return fn(self._entity)\n\nenv\\lib\\site-packages\\selene\\core\\wait.py:102: \n_ _ _ _ _ _ _ _ _ _ _ _ _ _ _ _ _ _ _ _ _ _ _ _ _ _ _ _ _ _ _ _ _ _ _ _ _ _ _ _ _ _ _ _ _ _ _ _ _ _ _ _ _ _ _ _ _ _ _ _ _ _ _ _ _ _ _ _ _ _ _ _ _ _ _ _ _ _ _ _ _ _ _\n\nself = <selene.core.condition.Condition object at 0x0000029130EEBE50>, entity = <selene.core.entity.Element object at 0x00000291312F4A90>\n\n    def __call__(self, entity: E) -> None:\n>       return self._fn(entity)\n\nenv\\lib\\site-packages\\selene\\core\\condition.py:151: \n_ _ _ _ _ _ _ _ _ _ _ _ _ _ _ _ _ _ _ _ _ _ _ _ _ _ _ _ _ _ _ _ _ _ _ _ _ _ _ _ _ _ _ _ _ _ _ _ _ _ _ _ _ _ _ _ _ _ _ _ _ _ _ _ _ _ _ _ _ _ _ _ _ _ _ _ _ _ _ _ _ _ _\n\nentity = <selene.core.entity.Element object at 0x00000291312F4A90>\n\n    def fn(entity):\n        for condition in conditions:\n>           condition.call(entity)\n\nenv\\lib\\site-packages\\selene\\core\\condition.py:46: \n_ _ _ _ _ _ _ _ _ _ _ _ _ _ _ _ _ _ _ _ _ _ _ _ _ _ _ _ _ _ _ _ _ _ _ _ _ _ _ _ _ _ _ _ _ _ _ _ _ _ _ _ _ _ _ _ _ _ _ _ _ _ _ _ _ _ _ _ _ _ _ _ _ _ _ _ _ _ _ _ _ _ _\n\nself = <selene.core.conditions.ElementCondition object at 0x0000029130EEBC70>, entity = <selene.core.entity.Element object at 0x00000291312F4A90>\n\n    def call(self, entity: E) -> None:\n>       self.__call__(entity)\n\nenv\\lib\\site-packages\\selene\\core\\condition.py:133: \n_ _ _ _ _ _ _ _ _ _ _ _ _ _ _ _ _ _ _ _ _ _ _ _ _ _ _ _ _ _ _ _ _ _ _ _ _ _ _ _ _ _ _ _ _ _ _ _ _ _ _ _ _ _ _ _ _ _ _ _ _ _ _ _ _ _ _ _ _ _ _ _ _ _ _ _ _ _ _ _ _ _ _\n\nself = <selene.core.conditions.ElementCondition object at 0x0000029130EEBC70>, entity = <selene.core.entity.Element object at 0x00000291312F4A90>\n\n    def __call__(self, entity: E) -> None:\n>       return self._fn(entity)\n\nenv\\lib\\site-packages\\selene\\core\\condition.py:151: \n_ _ _ _ _ _ _ _ _ _ _ _ _ _ _ _ _ _ _ _ _ _ _ _ _ _ _ _ _ _ _ _ _ _ _ _ _ _ _ _ _ _ _ _ _ _ _ _ _ _ _ _ _ _ _ _ _ _ _ _ _ _ _ _ _ _ _ _ _ _ _ _ _ _ _ _ _ _ _ _ _ _ _\n\nentity = <selene.core.entity.Element object at 0x00000291312F4A90>\n\n    def fn(entity: E) -> None:\n        query_to_str = str(query)\n        result = (\n            query.__name__\n            if query_to_str.startswith('<function')\n            else query_to_str\n        )\n>       actual = query(entity)\n\nenv\\lib\\site-packages\\selene\\core\\condition.py:122: \n_ _ _ _ _ _ _ _ _ _ _ _ _ _ _ _ _ _ _ _ _ _ _ _ _ _ _ _ _ _ _ _ _ _ _ _ _ _ _ _ _ _ _ _ _ _ _ _ _ _ _ _ _ _ _ _ _ _ _ _ _ _ _ _ _ _ _ _ _ _ _ _ _ _ _ _ _ _ _ _ _ _ _\n\nself = <selene.core.wait.Query object at 0x0000029130EE8D00>, entity = <selene.core.entity.Element object at 0x00000291312F4A90>\n\n    def __call__(self, entity: T) -> R:\n>       return self._fn(entity)\n\nenv\\lib\\site-packages\\selene\\core\\wait.py:56: \n_ _ _ _ _ _ _ _ _ _ _ _ _ _ _ _ _ _ _ _ _ _ _ _ _ _ _ _ _ _ _ _ _ _ _ _ _ _ _ _ _ _ _ _ _ _ _ _ _ _ _ _ _ _ _ _ _ _ _ _ _ _ _ _ _ _ _ _ _ _ _ _ _ _ _ _ _ _ _ _ _ _ _\n\nelement = <selene.core.entity.Element object at 0x00000291312F4A90>\n\n>   text: Query[Element, str] = Query('text', lambda element: element().text)\n\nenv\\lib\\site-packages\\selene\\core\\query.py:47: \n_ _ _ _ _ _ _ _ _ _ _ _ _ _ _ _ _ _ _ _ _ _ _ _ _ _ _ _ _ _ _ _ _ _ _ _ _ _ _ _ _ _ _ _ _ _ _ _ _ _ _ _ _ _ _ _ _ _ _ _ _ _ _ _ _ _ _ _ _ _ _ _ _ _ _ _ _ _ _ _ _ _ _\n\nself = <selene.core.entity.Element object at 0x00000291312F4A90>\n\n    def __call__(self) -> WebElement:\n>       return self._locator()\n\nenv\\lib\\site-packages\\selene\\core\\entity.py:178: \n_ _ _ _ _ _ _ _ _ _ _ _ _ _ _ _ _ _ _ _ _ _ _ _ _ _ _ _ _ _ _ _ _ _ _ _ _ _ _ _ _ _ _ _ _ _ _ _ _ _ _ _ _ _ _ _ _ _ _ _ _ _ _ _ _ _ _ _ _ _ _ _ _ _ _ _ _ _ _ _ _ _ _\n\nself = <selene.core.locator.Locator object at 0x000002913147E820>\n\n    def __call__(self) -> T:\n>       return self._locate()\n\nenv\\lib\\site-packages\\selene\\core\\locator.py:34: \n_ _ _ _ _ _ _ _ _ _ _ _ _ _ _ _ _ _ _ _ _ _ _ _ _ _ _ _ _ _ _ _ _ _ _ _ _ _ _ _ _ _ _ _ _ _ _ _ _ _ _ _ _ _ _ _ _ _ _ _ _ _ _ _ _ _ _ _ _ _ _ _ _ _ _ _ _ _ _ _ _ _ _\n\n>           f'{self}.element({by})', lambda: self.driver.find_element(*by)\n        ),\n        self.config,\n    )\n\nenv\\lib\\site-packages\\selene\\core\\entity.py:1540: \n_ _ _ _ _ _ _ _ _ _ _ _ _ _ _ _ _ _ _ _ _ _ _ _ _ _ _ _ _ _ _ _ _ _ _ _ _ _ _ _ _ _ _ _ _ _ _ _ _ _ _ _ _ _ _ _ _ _ _ _ _ _ _ _ _ _ _ _ _ _ _ _ _ _ _ _ _ _ _ _ _ _ _\n\nself = <selenium.webdriver.chrome.webdriver.WebDriver (session=\"4287b9054c5821b3c6b9319de6291b50\")>, by = 'css selector', value = '[name=\"qq\"]'\n\n    def find_element(self, by=By.ID, value=None) -> WebElement:\n        \"\"\"\n        Find an element given a By strategy and locator.\n    \n        :Usage:\n            ::\n    \n                element = driver.find_element(By.ID, 'foo')\n    \n        :rtype: WebElement\n        \"\"\"\n        if isinstance(by, RelativeBy):\n            elements = self.find_elements(by=by, value=value)\n            if not elements:\n                raise NoSuchElementException(f\"Cannot locate relative element with: {by.root}\")\n            return elements[0]\n    \n        if by == By.ID:\n            by = By.CSS_SELECTOR\n            value = '[id=\"%s\"]' % value\n        elif by == By.CLASS_NAME:\n            by = By.CSS_SELECTOR\n            value = \".%s\" % value\n        elif by == By.NAME:\n            by = By.CSS_SELECTOR\n            value = '[name=\"%s\"]' % value\n    \n>       return self.execute(Command.FIND_ELEMENT, {\n            'using': by,\n            'value': value})['value']\n\nenv\\lib\\site-packages\\selenium\\webdriver\\remote\\webdriver.py:1251: \n_ _ _ _ _ _ _ _ _ _ _ _ _ _ _ _ _ _ _ _ _ _ _ _ _ _ _ _ _ _ _ _ _ _ _ _ _ _ _ _ _ _ _ _ _ _ _ _ _ _ _ _ _ _ _ _ _ _ _ _ _ _ _ _ _ _ _ _ _ _ _ _ _ _ _ _ _ _ _ _ _ _ _\n\nself = <selenium.webdriver.chrome.webdriver.WebDriver (session=\"4287b9054c5821b3c6b9319de6291b50\")>, driver_command = 'findElement'\nparams = {'using': 'css selector', 'value': '[name=\"qq\"]'}\n\n    def execute(self, driver_command: str, params: dict = None) -> dict:\n        \"\"\"\n        Sends a command to be executed by a command.CommandExecutor.\n    \n        :Args:\n         - driver_command: The name of the command to execute as a string.\n         - params: A dictionary of named parameters to send with the command.\n    \n        :Returns:\n          The command's JSON response loaded into a dictionary object.\n        \"\"\"\n        if self.session_id:\n            if not params:\n                params = {'sessionId': self.session_id}\n            elif 'sessionId' not in params:\n                params['sessionId'] = self.session_id\n    \n        params = self._wrap_value(params)\n        response = self.command_executor.execute(driver_command, params)\n        if response:\n>           self.error_handler.check_response(response)\n\nenv\\lib\\site-packages\\selenium\\webdriver\\remote\\webdriver.py:430: \n_ _ _ _ _ _ _ _ _ _ _ _ _ _ _ _ _ _ _ _ _ _ _ _ _ _ _ _ _ _ _ _ _ _ _ _ _ _ _ _ _ _ _ _ _ _ _ _ _ _ _ _ _ _ _ _ _ _ _ _ _ _ _ _ _ _ _ _ _ _ _ _ _ _ _ _ _ _ _ _ _ _ _\n\nself = <selenium.webdriver.remote.errorhandler.ErrorHandler object at 0x000002913147E2E0>\nresponse = {'status': 404, 'value': '{\"value\":{\"error\":\"no such element\",\"message\":\"no such element: Unable to locate element: {\\...\\n\\\\tRtlGetAppContainerNamedObjectPath [0x76FC7A9E+286]\\\\n\\\\tRtlGetAppContainerNamedObjectPath [0x76FC7A6E+238]\\\\n\"}}'}\n\n    def check_response(self, response: Dict[str, Any]) -> None:\n        \"\"\"\n        Checks that a JSON response from the WebDriver does not have an error.\n    \n        :Args:\n         - response - The JSON response from the WebDriver server as a dictionary\n           object.\n    \n        :Raises: If the response contains an error message.\n        \"\"\"\n        status = response.get('status', None)\n        if not status or status == ErrorCode.SUCCESS:\n            return\n        value = None\n        message = response.get(\"message\", \"\")\n        screen: str = response.get(\"screen\", \"\")\n        stacktrace = None\n        if isinstance(status, int):\n            value_json = response.get('value', None)\n            if value_json and isinstance(value_json, str):\n                import json\n                try:\n                    value = json.loads(value_json)\n                    if len(value.keys()) == 1:\n                        value = value['value']\n                    status = value.get('error', None)\n                    if not status:\n                        status = value.get(\"status\", ErrorCode.UNKNOWN_ERROR)\n                        message = value.get(\"value\") or value.get(\"message\")\n                        if not isinstance(message, str):\n                            value = message\n                            message = message.get('message')\n                    else:\n                        message = value.get('message', None)\n                except ValueError:\n                    pass\n    \n        exception_class: Type[WebDriverException]\n        if status in ErrorCode.NO_SUCH_ELEMENT:\n            exception_class = NoSuchElementException\n        elif status in ErrorCode.NO_SUCH_FRAME:\n            exception_class = NoSuchFrameException\n        elif status in ErrorCode.NO_SUCH_SHADOW_ROOT:\n            exception_class = NoSuchShadowRootException\n        elif status in ErrorCode.NO_SUCH_WINDOW:\n            exception_class = NoSuchWindowException\n        elif status in ErrorCode.STALE_ELEMENT_REFERENCE:\n            exception_class = StaleElementReferenceException\n        elif status in ErrorCode.ELEMENT_NOT_VISIBLE:\n            exception_class = ElementNotVisibleException\n        elif status in ErrorCode.INVALID_ELEMENT_STATE:\n            exception_class = InvalidElementStateException\n        elif status in ErrorCode.INVALID_SELECTOR \\\n                or status in ErrorCode.INVALID_XPATH_SELECTOR \\\n                or status in ErrorCode.INVALID_XPATH_SELECTOR_RETURN_TYPER:\n            exception_class = InvalidSelectorException\n        elif status in ErrorCode.ELEMENT_IS_NOT_SELECTABLE:\n            exception_class = ElementNotSelectableException\n        elif status in ErrorCode.ELEMENT_NOT_INTERACTABLE:\n            exception_class = ElementNotInteractableException\n        elif status in ErrorCode.INVALID_COOKIE_DOMAIN:\n            exception_class = InvalidCookieDomainException\n        elif status in ErrorCode.UNABLE_TO_SET_COOKIE:\n            exception_class = UnableToSetCookieException\n        elif status in ErrorCode.TIMEOUT:\n            exception_class = TimeoutException\n        elif status in ErrorCode.SCRIPT_TIMEOUT:\n            exception_class = TimeoutException\n        elif status in ErrorCode.UNKNOWN_ERROR:\n            exception_class = WebDriverException\n        elif status in ErrorCode.UNEXPECTED_ALERT_OPEN:\n            exception_class = UnexpectedAlertPresentException\n        elif status in ErrorCode.NO_ALERT_OPEN:\n            exception_class = NoAlertPresentException\n        elif status in ErrorCode.IME_NOT_AVAILABLE:\n            exception_class = ImeNotAvailableException\n        elif status in ErrorCode.IME_ENGINE_ACTIVATION_FAILED:\n            exception_class = ImeActivationFailedException\n        elif status in ErrorCode.MOVE_TARGET_OUT_OF_BOUNDS:\n            exception_class = MoveTargetOutOfBoundsException\n        elif status in ErrorCode.JAVASCRIPT_ERROR:\n            exception_class = JavascriptException\n        elif status in ErrorCode.SESSION_NOT_CREATED:\n            exception_class = SessionNotCreatedException\n        elif status in ErrorCode.INVALID_ARGUMENT:\n            exception_class = InvalidArgumentException\n        elif status in ErrorCode.NO_SUCH_COOKIE:\n            exception_class = NoSuchCookieException\n        elif status in ErrorCode.UNABLE_TO_CAPTURE_SCREEN:\n            exception_class = ScreenshotException\n        elif status in ErrorCode.ELEMENT_CLICK_INTERCEPTED:\n            exception_class = ElementClickInterceptedException\n        elif status in ErrorCode.INSECURE_CERTIFICATE:\n            exception_class = InsecureCertificateException\n        elif status in ErrorCode.INVALID_COORDINATES:\n            exception_class = InvalidCoordinatesException\n        elif status in ErrorCode.INVALID_SESSION_ID:\n            exception_class = InvalidSessionIdException\n        elif status in ErrorCode.UNKNOWN_METHOD:\n            exception_class = UnknownMethodException\n        else:\n            exception_class = WebDriverException\n        if not value:\n            value = response['value']\n        if isinstance(value, str):\n            raise exception_class(value)\n        if message == \"\" and 'message' in value:\n            message = value['message']\n    \n        screen = None  # type: ignore[assignment]\n        if 'screen' in value:\n            screen = value['screen']\n    \n        stacktrace = None\n        st_value = value.get('stackTrace') or value.get('stacktrace')\n        if st_value:\n            if isinstance(st_value, str):\n                stacktrace = st_value.split('\\n')\n            else:\n                stacktrace = []\n                try:\n                    for frame in st_value:\n                        line = self._value_or_default(frame, 'lineNumber', '')\n                        file = self._value_or_default(frame, 'fileName', '<anonymous>')\n                        if line:\n                            file = \"%s:%s\" % (file, line)\n                        meth = self._value_or_default(frame, 'methodName', '<anonymous>')\n                        if 'className' in frame:\n                            meth = \"%s.%s\" % (frame['className'], meth)\n                        msg = \"    at %s (%s)\"\n                        msg = msg % (meth, file)\n                        stacktrace.append(msg)\n                except TypeError:\n                    pass\n        if exception_class == UnexpectedAlertPresentException:\n            alert_text = None\n            if 'data' in value:\n                alert_text = value['data'].get('text')\n            elif 'alert' in value:\n                alert_text = value['alert'].get('text')\n            raise exception_class(message, screen, stacktrace, alert_text)  # type: ignore[call-arg]  # mypy is not smart enough here\n>       raise exception_class(message, screen, stacktrace)\nE       selenium.common.exceptions.NoSuchElementException: Message: no such element: Unable to locate element: {\"method\":\"css selector\",\"selector\":\"[name=\"qq\"]\"}\nE         (Session info: chrome=102.0.5005.115)\nE       Stacktrace:\nE       Backtrace:\nE       \tOrdinal0 [0x00B0D953+2414931]\nE       \tOrdinal0 [0x00A9F5E1+1963489]\nE       \tOrdinal0 [0x0098C6B8+837304]\nE       \tOrdinal0 [0x009B9500+1021184]\nE       \tOrdinal0 [0x009B979B+1021851]\nE       \tOrdinal0 [0x009E6502+1205506]\nE       \tOrdinal0 [0x009D44E4+1131748]\nE       \tOrdinal0 [0x009E4812+1198098]\nE       \tOrdinal0 [0x009D42B6+1131190]\nE       \tOrdinal0 [0x009AE860+976992]\nE       \tOrdinal0 [0x009AF756+980822]\nE       \tGetHandleVerifier [0x00D7CC62+2510274]\nE       \tGetHandleVerifier [0x00D6F760+2455744]\nE       \tGetHandleVerifier [0x00B9EABA+551962]\nE       \tGetHandleVerifier [0x00B9D916+547446]\nE       \tOrdinal0 [0x00AA5F3B+1990459]\nE       \tOrdinal0 [0x00AAA898+2009240]\nE       \tOrdinal0 [0x00AAA985+2009477]\nE       \tOrdinal0 [0x00AB3AD1+2046673]\nE       \tBaseThreadInitThunk [0x750FFA29+25]\nE       \tRtlGetAppContainerNamedObjectPath [0x76FC7A9E+286]\nE       \tRtlGetAppContainerNamedObjectPath [0x76FC7A6E+238]\n\nenv\\lib\\site-packages\\selenium\\webdriver\\remote\\errorhandler.py:247: NoSuchElementException\n\nDuring handling of the above exception, another exception occurred:\n\n    def test_google():\n        with allure.step(\"Открыть страницу поиска\"):\n            browser.open('https://google.com/ncr')\n        with allure.step(\"Найти по слову selenium\"):\n>           browser.element(by.name('qq')).should(be.blank).type('selenium').press_enter()\n\ntests\\test_selene_example.py:10: \n_ _ _ _ _ _ _ _ _ _ _ _ _ _ _ _ _ _ _ _ _ _ _ _ _ _ _ _ _ _ _ _ _ _ _ _ _ _ _ _ _ _ _ _ _ _ _ _ _ _ _ _ _ _ _ _ _ _ _ _ _ _ _ _ _ _ _ _ _ _ _ _ _ _ _ _ _ _ _ _ _ _ _\nenv\\lib\\site-packages\\selene\\core\\entity.py:539: in should\n    super().should(condition)\nenv\\lib\\site-packages\\selene\\core\\entity.py:126: in should\n    self.wait.for_(condition)\n_ _ _ _ _ _ _ _ _ _ _ _ _ _ _ _ _ _ _ _ _ _ _ _ _ _ _ _ _ _ _ _ _ _ _ _ _ _ _ _ _ _ _ _ _ _ _ _ _ _ _ _ _ _ _ _ _ _ _ _ _ _ _ _ _ _ _ _ _ _ _ _ _ _ _ _ _ _ _ _ _ _ _\n\nself = <selene.core.wait.Wait object at 0x00000291312F4D30>, fn = <selene.core.condition.Condition object at 0x0000029130EEBE50>\n\n        def for_(self, fn: Callable[[E], R]) -> R:\n            finish_time = time.time() + self._timeout\n    \n            while True:\n                try:\n                    return fn(self._entity)\n                except Exception as reason:\n                    if time.time() > finish_time:\n    \n                        reason_message = str(reason)\n    \n                        reason_string = '{name}: {message}'.format(\n                            name=reason.__class__.__name__, message=reason_message\n                        )\n                        # todo: think on how can we improve logging failures in selene, e.g. reverse msg and stacktrace\n                        # stacktrace = getattr(reason, 'stacktrace', None)\n                        timeout = self._timeout\n                        entity = self._entity\n    \n                        failure = TimeoutException(\n                            f'''\n    \n    Timed out after {timeout}s, while waiting for:\n    {entity}.{fn}\n    \n    Reason: {reason_string}'''\n                        )\n    \n>                       raise self._hook_failure(failure)\nE                       selene.core.exceptions.TimeoutException: Message: \nE                       \nE                       Timed out after 4s, while waiting for:\nE                       browser.element(('name', 'qq')).has exact text  and has attribute 'value' with value ''\nE                       \nE                       Reason: NoSuchElementException: Message: no such element: Unable to locate element: {\"method\":\"css selector\",\"selector\":\"[name=\"qq\"]\"}\nE                         (Session info: chrome=102.0.5005.115)\nE                       Stacktrace:\nE                       Backtrace:\nE                       \tOrdinal0 [0x00B0D953+2414931]\nE                       \tOrdinal0 [0x00A9F5E1+1963489]\nE                       \tOrdinal0 [0x0098C6B8+837304]\nE                       \tOrdinal0 [0x009B9500+1021184]\nE                       \tOrdinal0 [0x009B979B+1021851]\nE                       \tOrdinal0 [0x009E6502+1205506]\nE                       \tOrdinal0 [0x009D44E4+1131748]\nE                       \tOrdinal0 [0x009E4812+1198098]\nE                       \tOrdinal0 [0x009D42B6+1131190]\nE                       \tOrdinal0 [0x009AE860+976992]\nE                       \tOrdinal0 [0x009AF756+980822]\nE                       \tGetHandleVerifier [0x00D7CC62+2510274]\nE                       \tGetHandleVerifier [0x00D6F760+2455744]\nE                       \tGetHandleVerifier [0x00B9EABA+551962]\nE                       \tGetHandleVerifier [0x00B9D916+547446]\nE                       \tOrdinal0 [0x00AA5F3B+1990459]\nE                       \tOrdinal0 [0x00AAA898+2009240]\nE                       \tOrdinal0 [0x00AAA985+2009477]\nE                       \tOrdinal0 [0x00AB3AD1+2046673]\nE                       \tBaseThreadInitThunk [0x750FFA29+25]\nE                       \tRtlGetAppContainerNamedObjectPath [0x76FC7A9E+286]\nE                       \tRtlGetAppContainerNamedObjectPath [0x76FC7A6E+238]\nE                       \nE                       Screenshot: file://C:\\Users\\evgenynalivayko\\.selene\\screenshots\\1655805695423\\1655805695424.png\nE                       PageSource: file://C:\\Users\\evgenynalivayko\\.selene\\screenshots\\1655805695423\\1655805695424.html\n\nenv\\lib\\site-packages\\selene\\core\\wait.py:125: TimeoutException"}, "steps": [{"name": "Открыть страницу поиска", "status": "passed", "start": 1655805703224, "stop": 1655805707566}, {"name": "Найти по слову selenium", "status": "failed", "statusDetails": {"message": "selene.core.exceptions.TimeoutException: Message: \n\nTimed out after 4s, while waiting for:\nbrowser.element(('name', 'qq')).has exact text  and has attribute 'value' with value ''\n\nReason: NoSuchElementException: Message: no such element: Unable to locate element: {\"method\":\"css selector\",\"selector\":\"[name=\"qq\"]\"}\n  (Session info: chrome=102.0.5005.115)\nStacktrace:\nBacktrace:\n\tOrdinal0 [0x00B0D953+2414931]\n\tOrdinal0 [0x00A9F5E1+1963489]\n\tOrdinal0 [0x0098C6B8+837304]\n\tOrdinal0 [0x009B9500+1021184]\n\tOrdinal0 [0x009B979B+1021851]\n\tOrdinal0 [0x009E6502+1205506]\n\tOrdinal0 [0x009D44E4+1131748]\n\tOrdinal0 [0x009E4812+1198098]\n\tOrdinal0 [0x009D42B6+1131190]\n\tOrdinal0 [0x009AE860+976992]\n\tOrdinal0 [0x009AF756+980822]\n\tGetHandleVerifier [0x00D7CC62+2510274]\n\tGetHandleVerifier [0x00D6F760+2455744]\n\tGetHandleVerifier [0x00B9EABA+551962]\n\tGetHandleVerifier [0x00B9D916+547446]\n\tOrdinal0 [0x00AA5F3B+1990459]\n\tOrdinal0 [0x00AAA898+2009240]\n\tOrdinal0 [0x00AAA985+2009477]\n\tOrdinal0 [0x00AB3AD1+2046673]\n\tBaseThreadInitThunk [0x750FFA29+25]\n\tRtlGetAppContainerNamedObjectPath [0x76FC7A9E+286]\n\tRtlGetAppContainerNamedObjectPath [0x76FC7A6E+238]\n\nScreenshot: file://C:\\Users\\evgenynalivayko\\.selene\\screenshots\\1655805695423\\1655805695424.png\nPageSource: file://C:\\Users\\evgenynalivayko\\.selene\\screenshots\\1655805695423\\1655805695424.html\n\n", "trace": "  File \"C:\\Users\\evgenynalivayko\\PycharmProjects\\bumblby5\\tests\\test_selene_example.py\", line 10, in test_google\n    browser.element(by.name('qq')).should(be.blank).type('selenium').press_enter()\n  File \"c:\\users\\evgenynalivayko\\pycharmprojects\\bumblby5\\env\\lib\\site-packages\\selene\\core\\entity.py\", line 539, in should\n    super().should(condition)\n  File \"c:\\users\\evgenynalivayko\\pycharmprojects\\bumblby5\\env\\lib\\site-packages\\selene\\core\\entity.py\", line 126, in should\n    self.wait.for_(condition)\n  File \"c:\\users\\evgenynalivayko\\pycharmprojects\\bumblby5\\env\\lib\\site-packages\\selene\\core\\wait.py\", line 125, in for_\n    raise self._hook_failure(failure)\n"}, "start": 1655805707566, "stop": 1655805711966}], "attachments": [{"name": "log", "source": "85a26dae-69ed-4440-ba30-28a7965edcf5-attachment.txt", "type": "text/plain"}, {"name": "stdout", "source": "41fb25a8-8cc2-4ddc-b1e8-0cd98f9a9c6d-attachment.txt", "type": "text/plain"}, {"name": "stderr", "source": "39d37e58-0eb7-4b10-9fa1-36437d42847a-attachment.txt", "type": "text/plain"}], "start": 1655805703224, "stop": 1655805712015, "uuid": "8f401669-8b17-4d6b-8ad2-406c0bc44679", "historyId": "f534de635576e8fa3cbf733f40d949ae", "testCaseId": "859c50d411cd3e5a562c877c1b82ea58", "fullName": "tests.test_selene_example#test_google", "labels": [{"name": "parentSuite", "value": "tests"}, {"name": "suite", "value": "test_selene_example"}, {"name": "host", "value": "EVGENYNALIVC723"}, {"name": "thread", "value": "3796-MainThread"}, {"name": "framework", "value": "pytest"}, {"name": "language", "value": "cpython3"}, {"name": "package", "value": "tests.test_selene_example"}]}