{"name": "test_auth2", "status": "broken", "statusDetails": {"message": "selenium.common.exceptions.InvalidSelectorException: Message: invalid selector: Unable to locate an element with the xpath expression \\\\sdiv because of the following error:\nSyntaxError: Failed to execute 'evaluate' on 'Document': The string '\\\\sdiv' is not a valid XPath expression.\n  (Session info: chrome=102.0.5005.115)\nStacktrace:\nBacktrace:\n\tOrdinal0 [0x00E1D953+2414931]\n\tOrdinal0 [0x00DAF5E1+1963489]\n\tOrdinal0 [0x00C9C6B8+837304]\n\tOrdinal0 [0x00C9F0B4+848052]\n\tOrdinal0 [0x00C9EF72+847730]\n\tOrdinal0 [0x00C9F200+848384]\n\tOrdinal0 [0x00CC9215+1020437]\n\tOrdinal0 [0x00CC979B+1021851]\n\tOrdinal0 [0x00CF6502+1205506]\n\tOrdinal0 [0x00CE44E4+1131748]\n\tOrdinal0 [0x00CF4812+1198098]\n\tOrdinal0 [0x00CE42B6+1131190]\n\tOrdinal0 [0x00CBE860+976992]\n\tOrdinal0 [0x00CBF756+980822]\n\tGetHandleVerifier [0x0108CC62+2510274]\n\tGetHandleVerifier [0x0107F760+2455744]\n\tGetHandleVerifier [0x00EAEABA+551962]\n\tGetHandleVerifier [0x00EAD916+547446]\n\tOrdinal0 [0x00DB5F3B+1990459]\n\tOrdinal0 [0x00DBA898+2009240]\n\tOrdinal0 [0x00DBA985+2009477]\n\tOrdinal0 [0x00DC3AD1+2046673]\n\tBaseThreadInitThunk [0x750FFA29+25]\n\tRtlGetAppContainerNamedObjectPath [0x76FC7A9E+286]\n\tRtlGetAppContainerNamedObjectPath [0x76FC7A6E+238]", "trace": "self = <test_auth5.TestAuth2 object at 0x00000208371FE460>\n\n    def test_auth2(self):\n      self.driver.get(\"https://bumbleby.ru/login\")\n      self.driver.set_window_size(1436, 841)\n      self.driver.find_element(By.CSS_SELECTOR, \".fieldset:nth-child(1) input\").click()\n      self.driver.find_element(By.CSS_SELECTOR, \".fieldset:nth-child(1) input\").send_keys(\"nalivayko.ev@gmail.com\")\n      self.driver.find_element(By.CSS_SELECTOR, \".fieldset:nth-child(2) input\").click()\n      self.driver.find_element(By.CSS_SELECTOR, \".fieldset:nth-child(2) input\").send_keys(\"Aa123456\")\n      self.driver.find_element(By.CSS_SELECTOR, \".btn.fill\").click()\n    \n>     self.driver.find_element(By.XPATH, \"\\\\\\sdiv\").click()\n\ntests\\test_auth5.py:30: \n_ _ _ _ _ _ _ _ _ _ _ _ _ _ _ _ _ _ _ _ _ _ _ _ _ _ _ _ _ _ _ _ _ _ _ _ _ _ _ _ _ _ _ _ _ _ _ _ _ _ _ _ _ _ _ _ _ _ _ _ _ _ _ _ _ _ _ _ _ _ _ _ _ _ _ _ _ _ _ _ _ _ _\nenv\\lib\\site-packages\\selenium\\webdriver\\remote\\webdriver.py:1251: in find_element\n    return self.execute(Command.FIND_ELEMENT, {\nenv\\lib\\site-packages\\selenium\\webdriver\\remote\\webdriver.py:430: in execute\n    self.error_handler.check_response(response)\n_ _ _ _ _ _ _ _ _ _ _ _ _ _ _ _ _ _ _ _ _ _ _ _ _ _ _ _ _ _ _ _ _ _ _ _ _ _ _ _ _ _ _ _ _ _ _ _ _ _ _ _ _ _ _ _ _ _ _ _ _ _ _ _ _ _ _ _ _ _ _ _ _ _ _ _ _ _ _ _ _ _ _\n\nself = <selenium.webdriver.remote.errorhandler.ErrorHandler object at 0x0000020837275DC0>\nresponse = {'status': 400, 'value': '{\"value\":{\"error\":\"invalid selector\",\"message\":\"invalid selector: Unable to locate an elemen...\\n\\\\tRtlGetAppContainerNamedObjectPath [0x76FC7A9E+286]\\\\n\\\\tRtlGetAppContainerNamedObjectPath [0x76FC7A6E+238]\\\\n\"}}'}\n\n    def check_response(self, response: Dict[str, Any]) -> None:\n        \"\"\"\n        Checks that a JSON response from the WebDriver does not have an error.\n    \n        :Args:\n         - response - The JSON response from the WebDriver server as a dictionary\n           object.\n    \n        :Raises: If the response contains an error message.\n        \"\"\"\n        status = response.get('status', None)\n        if not status or status == ErrorCode.SUCCESS:\n            return\n        value = None\n        message = response.get(\"message\", \"\")\n        screen: str = response.get(\"screen\", \"\")\n        stacktrace = None\n        if isinstance(status, int):\n            value_json = response.get('value', None)\n            if value_json and isinstance(value_json, str):\n                import json\n                try:\n                    value = json.loads(value_json)\n                    if len(value.keys()) == 1:\n                        value = value['value']\n                    status = value.get('error', None)\n                    if not status:\n                        status = value.get(\"status\", ErrorCode.UNKNOWN_ERROR)\n                        message = value.get(\"value\") or value.get(\"message\")\n                        if not isinstance(message, str):\n                            value = message\n                            message = message.get('message')\n                    else:\n                        message = value.get('message', None)\n                except ValueError:\n                    pass\n    \n        exception_class: Type[WebDriverException]\n        if status in ErrorCode.NO_SUCH_ELEMENT:\n            exception_class = NoSuchElementException\n        elif status in ErrorCode.NO_SUCH_FRAME:\n            exception_class = NoSuchFrameException\n        elif status in ErrorCode.NO_SUCH_SHADOW_ROOT:\n            exception_class = NoSuchShadowRootException\n        elif status in ErrorCode.NO_SUCH_WINDOW:\n            exception_class = NoSuchWindowException\n        elif status in ErrorCode.STALE_ELEMENT_REFERENCE:\n            exception_class = StaleElementReferenceException\n        elif status in ErrorCode.ELEMENT_NOT_VISIBLE:\n            exception_class = ElementNotVisibleException\n        elif status in ErrorCode.INVALID_ELEMENT_STATE:\n            exception_class = InvalidElementStateException\n        elif status in ErrorCode.INVALID_SELECTOR \\\n                or status in ErrorCode.INVALID_XPATH_SELECTOR \\\n                or status in ErrorCode.INVALID_XPATH_SELECTOR_RETURN_TYPER:\n            exception_class = InvalidSelectorException\n        elif status in ErrorCode.ELEMENT_IS_NOT_SELECTABLE:\n            exception_class = ElementNotSelectableException\n        elif status in ErrorCode.ELEMENT_NOT_INTERACTABLE:\n            exception_class = ElementNotInteractableException\n        elif status in ErrorCode.INVALID_COOKIE_DOMAIN:\n            exception_class = InvalidCookieDomainException\n        elif status in ErrorCode.UNABLE_TO_SET_COOKIE:\n            exception_class = UnableToSetCookieException\n        elif status in ErrorCode.TIMEOUT:\n            exception_class = TimeoutException\n        elif status in ErrorCode.SCRIPT_TIMEOUT:\n            exception_class = TimeoutException\n        elif status in ErrorCode.UNKNOWN_ERROR:\n            exception_class = WebDriverException\n        elif status in ErrorCode.UNEXPECTED_ALERT_OPEN:\n            exception_class = UnexpectedAlertPresentException\n        elif status in ErrorCode.NO_ALERT_OPEN:\n            exception_class = NoAlertPresentException\n        elif status in ErrorCode.IME_NOT_AVAILABLE:\n            exception_class = ImeNotAvailableException\n        elif status in ErrorCode.IME_ENGINE_ACTIVATION_FAILED:\n            exception_class = ImeActivationFailedException\n        elif status in ErrorCode.MOVE_TARGET_OUT_OF_BOUNDS:\n            exception_class = MoveTargetOutOfBoundsException\n        elif status in ErrorCode.JAVASCRIPT_ERROR:\n            exception_class = JavascriptException\n        elif status in ErrorCode.SESSION_NOT_CREATED:\n            exception_class = SessionNotCreatedException\n        elif status in ErrorCode.INVALID_ARGUMENT:\n            exception_class = InvalidArgumentException\n        elif status in ErrorCode.NO_SUCH_COOKIE:\n            exception_class = NoSuchCookieException\n        elif status in ErrorCode.UNABLE_TO_CAPTURE_SCREEN:\n            exception_class = ScreenshotException\n        elif status in ErrorCode.ELEMENT_CLICK_INTERCEPTED:\n            exception_class = ElementClickInterceptedException\n        elif status in ErrorCode.INSECURE_CERTIFICATE:\n            exception_class = InsecureCertificateException\n        elif status in ErrorCode.INVALID_COORDINATES:\n            exception_class = InvalidCoordinatesException\n        elif status in ErrorCode.INVALID_SESSION_ID:\n            exception_class = InvalidSessionIdException\n        elif status in ErrorCode.UNKNOWN_METHOD:\n            exception_class = UnknownMethodException\n        else:\n            exception_class = WebDriverException\n        if not value:\n            value = response['value']\n        if isinstance(value, str):\n            raise exception_class(value)\n        if message == \"\" and 'message' in value:\n            message = value['message']\n    \n        screen = None  # type: ignore[assignment]\n        if 'screen' in value:\n            screen = value['screen']\n    \n        stacktrace = None\n        st_value = value.get('stackTrace') or value.get('stacktrace')\n        if st_value:\n            if isinstance(st_value, str):\n                stacktrace = st_value.split('\\n')\n            else:\n                stacktrace = []\n                try:\n                    for frame in st_value:\n                        line = self._value_or_default(frame, 'lineNumber', '')\n                        file = self._value_or_default(frame, 'fileName', '<anonymous>')\n                        if line:\n                            file = \"%s:%s\" % (file, line)\n                        meth = self._value_or_default(frame, 'methodName', '<anonymous>')\n                        if 'className' in frame:\n                            meth = \"%s.%s\" % (frame['className'], meth)\n                        msg = \"    at %s (%s)\"\n                        msg = msg % (meth, file)\n                        stacktrace.append(msg)\n                except TypeError:\n                    pass\n        if exception_class == UnexpectedAlertPresentException:\n            alert_text = None\n            if 'data' in value:\n                alert_text = value['data'].get('text')\n            elif 'alert' in value:\n                alert_text = value['alert'].get('text')\n            raise exception_class(message, screen, stacktrace, alert_text)  # type: ignore[call-arg]  # mypy is not smart enough here\n>       raise exception_class(message, screen, stacktrace)\nE       selenium.common.exceptions.InvalidSelectorException: Message: invalid selector: Unable to locate an element with the xpath expression \\\\sdiv because of the following error:\nE       SyntaxError: Failed to execute 'evaluate' on 'Document': The string '\\\\sdiv' is not a valid XPath expression.\nE         (Session info: chrome=102.0.5005.115)\nE       Stacktrace:\nE       Backtrace:\nE       \tOrdinal0 [0x00E1D953+2414931]\nE       \tOrdinal0 [0x00DAF5E1+1963489]\nE       \tOrdinal0 [0x00C9C6B8+837304]\nE       \tOrdinal0 [0x00C9F0B4+848052]\nE       \tOrdinal0 [0x00C9EF72+847730]\nE       \tOrdinal0 [0x00C9F200+848384]\nE       \tOrdinal0 [0x00CC9215+1020437]\nE       \tOrdinal0 [0x00CC979B+1021851]\nE       \tOrdinal0 [0x00CF6502+1205506]\nE       \tOrdinal0 [0x00CE44E4+1131748]\nE       \tOrdinal0 [0x00CF4812+1198098]\nE       \tOrdinal0 [0x00CE42B6+1131190]\nE       \tOrdinal0 [0x00CBE860+976992]\nE       \tOrdinal0 [0x00CBF756+980822]\nE       \tGetHandleVerifier [0x0108CC62+2510274]\nE       \tGetHandleVerifier [0x0107F760+2455744]\nE       \tGetHandleVerifier [0x00EAEABA+551962]\nE       \tGetHandleVerifier [0x00EAD916+547446]\nE       \tOrdinal0 [0x00DB5F3B+1990459]\nE       \tOrdinal0 [0x00DBA898+2009240]\nE       \tOrdinal0 [0x00DBA985+2009477]\nE       \tOrdinal0 [0x00DC3AD1+2046673]\nE       \tBaseThreadInitThunk [0x750FFA29+25]\nE       \tRtlGetAppContainerNamedObjectPath [0x76FC7A9E+286]\nE       \tRtlGetAppContainerNamedObjectPath [0x76FC7A6E+238]\n\nenv\\lib\\site-packages\\selenium\\webdriver\\remote\\errorhandler.py:247: InvalidSelectorException"}, "start": 1655805568218, "stop": 1655805571675, "uuid": "d042bc8d-6986-49bd-9e7b-4acf01f46188", "historyId": "8dece9edf31283599d6171637867b645", "testCaseId": "f5af108c27a1d3659c6242dac7997fdf", "fullName": "tests.test_auth5.TestAuth2#test_auth2", "labels": [{"name": "parentSuite", "value": "tests"}, {"name": "suite", "value": "test_auth5"}, {"name": "subSuite", "value": "TestAuth2"}, {"name": "host", "value": "EVGENYNALIVC723"}, {"name": "thread", "value": "2480-MainThread"}, {"name": "framework", "value": "pytest"}, {"name": "language", "value": "cpython3"}, {"name": "package", "value": "tests.test_auth5"}]}